Drill Listing
=============
Drill: 35  Tool: 1  Feed: 197  Speed: 550
X 126000  Y 104000
X 110000  Y 110000
X 126000  Y 144000
X 110000  Y 150000
X 120000  Y 260000
X 120000  Y 270000
X 120000  Y 280000
X 120000  Y 290000
X 140000  Y 290000
X 180000  Y 290000
X 140000  Y 270000
X 180000  Y 270000
X 182000  Y 253000
X 182000  Y 243000
X 180000  Y 198000
X 180000  Y 158000
X 177500  Y 126000
X 162500  Y 126000
X 202000  Y 112000
X 224800  Y 122000
X 202000  Y 132000
X 230000  Y 142000
X 200000  Y 146500
X 220000  Y 146500
X 220000  Y 174000
X 200000  Y 174000
X 206000  Y 198000
X 216000  Y 198000
X 226000  Y 198000
X 202000  Y 230000
X 212000  Y 230000
X 222000  Y 230000
X 224000  Y 246000
X 230000  Y 290000
X 190000  Y 290000
X 240000  Y 290000
X 280000  Y 290000
X 244000  Y 246000
X 276000  Y 232000
X 276000  Y 222000
X 242000  Y 216000
X 276000  Y 211000
X 276000  Y 200000
X 276000  Y 191000
X 276000  Y 182000
X 242000  Y 176000
X 276000  Y 171000
X 276000  Y 162000
X 270000  Y 142000
X 262000  Y 122000
X 244800  Y 122000
X 302000  Y 122000
X 306000  Y 162000
X 306000  Y 172000
X 306000  Y 182000
X 306000  Y 192000
X 306000  Y 202000
X 306000  Y 212000
X 306000  Y 222000
X 306000  Y 232000
X 313600  Y 290500
X 353600  Y 290500
X 319900  Y 236000
X 357900  Y 236000
X 348900  Y 236000
X 328900  Y 236000
X 339900  Y 236000
X 319900  Y 206000
X 329900  Y 206000
X 339900  Y 206000
X 349900  Y 206000
X 359900  Y 206000
X 354000  Y 182000
X 354000  Y 172000
X 354000  Y 162000
X 354000  Y 152000
X 354000  Y 142000
X 354000  Y 132000
X 354000  Y 122000
X 352000  Y 108000
X 312000  Y 108000
X 384000  Y 122000
X 384000  Y 132000
X 384000  Y 142000
X 384000  Y 152000
X 384000  Y 162000
X 384000  Y 172000
X 384000  Y 182000
X 369900  Y 206000
X 379900  Y 206000
X 379900  Y 236000
X 368900  Y 236000
X 378000  Y 284000
X 388000  Y 284000
X 389900  Y 236000
X 389900  Y 206000

Drill: 42  Tool: 2  Feed: 139  Speed: 550
X 134000  Y 198000
X 144000  Y 198000
X 154000  Y 198000
X 210000  Y 260000
X 220000  Y 260000
X 230000  Y 260000

Drill: 45  Tool: 3  Feed: 139  Speed: 550
X 112000  Y 160000
X 112000  Y 210000
X 116000  Y 232000
X 136000  Y 232000
X 250000  Y 260000
X 300000  Y 260000

End of Listing
