Drill Listing
=============
Drill: 35  Tool: 1  Feed: 197  Speed: 550
X 125400  Y 157500
X 222100  Y 135800
X 222100  Y 170800
X 245200  Y 135600
X 245200  Y 170600
X 267200  Y 135300
X 267200  Y 170300
X 289500  Y 170100
X 289500  Y 135100
X 312400  Y 169400
X 312400  Y 134400
X 334900  Y 169900
X 334900  Y 134900
X 357100  Y 170300
X 357100  Y 135300
X 379400  Y 135300
X 379400  Y 170300
X 125400  Y 180000

Drill: 37  Tool: 2  Feed: 197  Speed: 550
X 118900  Y 138000
X 209500  Y 162200

Drill: 50  Tool: 3  Feed: 107  Speed: 550
X 132600  Y 127500

Drill: 60  Tool: 4  Feed: 89  Speed: 550
X 158900  Y 127500

End of Listing
